<?xml version="1.0" encoding="UTF-8"?>
<!-- Generated by org.testng.reporters.JUnitXMLReporter -->
<testsuite ignored="0" hostname="MrB" failures="1" tests="8" name="Test" time="33.984" errors="0" timestamp="2021-03-14T20:58:30 EDT">
  <testcase classname="testCases.InterestCalculatorTest" name="InterestCalculatorTest" time="4.159"/>
  <testcase classname="testCases.InterestCalculatorTest" name="InterestCalculatorTest" time="4.086"/>
  <testcase classname="testCases.InterestCalculatorTest" name="InterestCalculatorTest" time="3.626"/>
  <testcase classname="testCases.InterestCalculatorTest" name="InterestCalculatorTest" time="4.384">
    <failure type="java.lang.AssertionError" message="Captured Amount DOESNOT MATCH with Expected Amount. expected [101270.72] but found [45688.0]">
      <![CDATA[java.lang.AssertionError: Captured Amount DOESNOT MATCH with Expected Amount. expected [101270.72] but found [45688.0]
at base.TestBase.formatStrings(TestBase.java:373)
at testCases.InterestCalculatorTest.InterestCalculatorTest(InterestCalculatorTest.java:48)
at java.base/java.util.ArrayList.forEach(ArrayList.java:1511)
... Removed 30 stack frames]]>
    </failure>
  </testcase> <!-- InterestCalculatorTest -->
  <testcase classname="testCases.InterestCalculatorTest" name="InterestCalculatorTest" time="3.949"/>
  <testcase classname="testCases.InterestCalculatorTest" name="InterestCalculatorTest" time="3.516"/>
  <testcase classname="testCases.InterestCalculatorTest" name="InterestCalculatorTest" time="3.564"/>
  <testcase classname="testCases.InterestCalculatorTest" name="InterestCalculatorTest" time="3.66"/>
</testsuite> <!-- Test -->
